<?xml version="1.0" encoding="UTF-8"?>
<!-- Generated by org.testng.reporters.JUnitXMLReporter -->
<testsuite hostname="MBPM4236.local" ignored="2" name="Default test" tests="4" failures="0" timestamp="12 Nov 2018 21:56:57 GMT" time="2.971" errors="0">
  <testcase name="verifyHomePage" time="0.066" classname="featureTests.Tests"/>
  <testcase name="searchArticle" time="1.777" classname="featureTests.Tests"/>
  <testcase name="verifyArticleSection" time="0.407" classname="featureTests.Tests"/>
  <testcase name="verifyStudioAlbumToolTip" time="0.694" classname="featureTests.Tests"/>
  <testcase name="@AfterSuite tearDown" time="0.0" classname="featureTests.BaseTest">
    <ignored/>
  </testcase> <!-- @AfterSuite tearDown -->
  <testcase name="@BeforeSuite setUp" time="0.0" classname="featureTests.BaseTest">
    <ignored/>
  </testcase> <!-- @BeforeSuite setUp -->
</testsuite> <!-- Default test -->
