<?xml version="1.0" encoding="UTF-8"?>
<!-- Generated by org.testng.reporters.JUnitXMLReporter -->
<testsuite hostname="MBPM4236.local" ignored="2" name="Default test" tests="4" failures="0" timestamp="12 Nov 2018 19:52:36 GMT" time="2.916" errors="0">
  <testcase name="verifyHomePage" time="0.056" classname="featureTests.Tests"/>
  <testcase name="searchArticle" time="1.557" classname="featureTests.Tests"/>
  <testcase name="verifyArticleSection" time="0.389" classname="featureTests.Tests"/>
  <testcase name="verifyStudioAlbumToolTip" time="0.89" classname="featureTests.Tests"/>
  <testcase name="@AfterSuite tearDown" time="0.0" classname="featureTests.BaseTest">
    <ignored/>
  </testcase> <!-- @AfterSuite tearDown -->
  <testcase name="@BeforeSuite setUp" time="0.0" classname="featureTests.BaseTest">
    <ignored/>
  </testcase> <!-- @BeforeSuite setUp -->
</testsuite> <!-- Default test -->
